<?xml version="1.0" encoding="UTF-8"?>
<!-- Generated by org.testng.reporters.JUnitReportReporter -->
<testsuite skipped="0" hostname="Vinutha-PC" name="testscripts.alertpop" tests="1" failures="0" timestamp="2020-08-26T20:37:50 IST" time="10.339" errors="0">
  <testcase name="fileupd" time="10.339" classname="testscripts.alertpop"/>
  <system-out/>
</testsuite> <!-- testscripts.alertpop -->
