<?xml version="1.0" encoding="UTF-8"?>
<!-- Generated by org.testng.reporters.JUnitReportReporter -->
<testsuite skipped="0" hostname="Vinutha-PC" name="testscripts.searchmobile" tests="1" failures="0" timestamp="2020-08-26T20:37:50 IST" time="28.935" errors="0">
  <testcase name="searchmob" time="28.935" classname="testscripts.searchmobile"/>
  <system-out/>
</testsuite> <!-- testscripts.searchmobile -->
