<?xml version="1.0" encoding="UTF-8"?>
<!-- Generated by org.testng.reporters.JUnitReportReporter -->
<testsuite skipped="0" hostname="Vinutha-PC" name="testscripts.fileupload" tests="1" failures="0" timestamp="2020-08-26T20:37:50 IST" time="9.953" errors="0">
  <testcase name="fileupd" time="9.953" classname="testscripts.fileupload"/>
  <system-out/>
</testsuite> <!-- testscripts.fileupload -->
